d:\vaccine tracking system gui\vaccine tracking system gui\x64\debug\vc143.pdb
d:\vaccine tracking system gui\vaccine tracking system gui\x64\debug\.netframework,version=v4.7.2.assemblyattributes.obj
d:\vaccine tracking system gui\vaccine tracking system gui\x64\debug\signup.obj
d:\vaccine tracking system gui\vaccine tracking system gui\x64\debug\users.obj
d:\vaccine tracking system gui\vaccine tracking system gui\x64\debug\statistics.obj
d:\vaccine tracking system gui\vaccine tracking system gui\x64\debug\filestream.obj
d:\vaccine tracking system gui\vaccine tracking system gui\x64\debug\login.obj
d:\vaccine tracking system gui\vaccine tracking system gui\x64\debug\userpanel.obj
d:\vaccine tracking system gui\vaccine tracking system gui\x64\debug\viewwaitinglist.obj
d:\vaccine tracking system gui\vaccine tracking system gui\x64\debug\viewallusers.obj
d:\vaccine tracking system gui\vaccine tracking system gui\x64\debug\adminpanel.obj
d:\vaccine tracking system gui\vaccine tracking system gui\x64\debug\viewstatistics.obj
d:\vaccine tracking system gui\x64\debug\vaccine tracking system gui.exe
d:\vaccine tracking system gui\x64\debug\vaccine tracking system gui.pdb
d:\vaccine tracking system gui\vaccine tracking system gui\x64\debug\vaccine tracking system gui.res
d:\vaccine tracking system gui\vaccine tracking system gui\x64\debug\vaccinetrackingsystemgui.login.resources
d:\vaccine tracking system gui\vaccine tracking system gui\x64\debug\vaccinetrackingsystemgui.signup.resources
d:\vaccine tracking system gui\vaccine tracking system gui\x64\debug\vaccinetrackingsystemgui.userpanel.resources
d:\vaccine tracking system gui\vaccine tracking system gui\x64\debug\vaccinetrackingsystemgui.adminpanel.resources
d:\vaccine tracking system gui\vaccine tracking system gui\x64\debug\vaccinetrackingsystemgui.viewallusers.resources
d:\vaccine tracking system gui\vaccine tracking system gui\x64\debug\vaccinetrackingsystemgui.viewwaitinglist.resources
d:\vaccine tracking system gui\vaccine tracking system gui\x64\debug\vaccinetrackingsystemgui.viewstatistics.resources
d:\vaccine tracking system gui\vaccine tracking system gui\x64\debug\vaccine .21b59673.tlog\cl.command.1.tlog
d:\vaccine tracking system gui\vaccine tracking system gui\x64\debug\vaccine .21b59673.tlog\cl.read.1.tlog
d:\vaccine tracking system gui\vaccine tracking system gui\x64\debug\vaccine .21b59673.tlog\cl.write.1.tlog
d:\vaccine tracking system gui\vaccine tracking system gui\x64\debug\vaccine .21b59673.tlog\link.command.1.tlog
d:\vaccine tracking system gui\vaccine tracking system gui\x64\debug\vaccine .21b59673.tlog\link.read.1.tlog
d:\vaccine tracking system gui\vaccine tracking system gui\x64\debug\vaccine .21b59673.tlog\link.write.1.tlog
d:\vaccine tracking system gui\vaccine tracking system gui\x64\debug\vaccine .21b59673.tlog\metagen.read.1.tlog
d:\vaccine tracking system gui\vaccine tracking system gui\x64\debug\vaccine .21b59673.tlog\metagen.write.1.tlog
d:\vaccine tracking system gui\vaccine tracking system gui\x64\debug\vaccine .21b59673.tlog\rc.command.1.tlog
d:\vaccine tracking system gui\vaccine tracking system gui\x64\debug\vaccine .21b59673.tlog\rc.read.1.tlog
d:\vaccine tracking system gui\vaccine tracking system gui\x64\debug\vaccine .21b59673.tlog\rc.write.1.tlog
d:\vaccine tracking system gui\vaccine tracking system gui\x64\debug\vaccine .21b59673.tlog\vaccine tracking system gui.write.1u.tlog
